CRITICAL - 2020-11-26 11:57:28 --> Call to undefined function App\Controllers\wiew()
#0 C:\xampp\htdocs\framework\system\CodeIgniter.php(918): App\Controllers\Changuito->index()
#1 C:\xampp\htdocs\framework\system\CodeIgniter.php(404): CodeIgniter\CodeIgniter->runController(Object(App\Controllers\Changuito))
#2 C:\xampp\htdocs\framework\system\CodeIgniter.php(312): CodeIgniter\CodeIgniter->handleRequest(NULL, Object(Config\Cache), false)
#3 C:\xampp\htdocs\framework\index.php(45): CodeIgniter\CodeIgniter->run()
#4 {main}
CRITICAL - 2020-11-26 11:57:47 --> Call to undefined function App\Controllers\wiew()
#0 C:\xampp\htdocs\framework\system\CodeIgniter.php(918): App\Controllers\Changuito->index()
#1 C:\xampp\htdocs\framework\system\CodeIgniter.php(404): CodeIgniter\CodeIgniter->runController(Object(App\Controllers\Changuito))
#2 C:\xampp\htdocs\framework\system\CodeIgniter.php(312): CodeIgniter\CodeIgniter->handleRequest(NULL, Object(Config\Cache), false)
#3 C:\xampp\htdocs\framework\index.php(45): CodeIgniter\CodeIgniter->run()
#4 {main}
CRITICAL - 2020-11-26 11:57:48 --> Call to undefined function App\Controllers\wiew()
#0 C:\xampp\htdocs\framework\system\CodeIgniter.php(918): App\Controllers\Changuito->index()
#1 C:\xampp\htdocs\framework\system\CodeIgniter.php(404): CodeIgniter\CodeIgniter->runController(Object(App\Controllers\Changuito))
#2 C:\xampp\htdocs\framework\system\CodeIgniter.php(312): CodeIgniter\CodeIgniter->handleRequest(NULL, Object(Config\Cache), false)
#3 C:\xampp\htdocs\framework\index.php(45): CodeIgniter\CodeIgniter->run()
#4 {main}
CRITICAL - 2020-11-26 11:59:00 --> Call to undefined function App\Controllers\wiew()
#0 C:\xampp\htdocs\framework\system\CodeIgniter.php(918): App\Controllers\Changuito->index()
#1 C:\xampp\htdocs\framework\system\CodeIgniter.php(404): CodeIgniter\CodeIgniter->runController(Object(App\Controllers\Changuito))
#2 C:\xampp\htdocs\framework\system\CodeIgniter.php(312): CodeIgniter\CodeIgniter->handleRequest(NULL, Object(Config\Cache), false)
#3 C:\xampp\htdocs\framework\index.php(45): CodeIgniter\CodeIgniter->run()
#4 {main}
